<?xml version="1.0" encoding="UTF-8"?>
<!-- Generated by org.testng.reporters.JUnitReportReporter -->
<testsuite hostname="DESKTOP-63VPLUC" failures="0" tests="3" name="testNGpractice.Dataprovidertest" time="0.020" errors="0" timestamp="2024-02-26T13:10:00 IST" skipped="0">
  <testcase classname="testNGpractice.Dataprovidertest" name="test1" time="0.004"/>
  <system-out/>
  <testcase classname="testNGpractice.Dataprovidertest" name="test1" time="0.005"/>
  <system-out/>
  <testcase classname="testNGpractice.Dataprovidertest" name="test1" time="0.011"/>
  <system-out/>
</testsuite> <!-- testNGpractice.Dataprovidertest -->
