<?xml version="1.0" encoding="UTF-8"?>
<!-- Generated by org.testng.reporters.JUnitReportReporter -->
<testsuite hostname="DESKTOP-63VPLUC" failures="0" tests="1" name="HMS_Admin.Admin_Doctors_Specialization" time="8.333" errors="0" timestamp="2024-02-29T11:29:56 IST" skipped="0">
  <testcase classname="HMS_Admin.Admin_Doctors_Specialization" name="admin_Doctors_Specialization" time="8.333"/>
</testsuite> <!-- HMS_Admin.Admin_Doctors_Specialization -->
