<?xml version="1.0" encoding="UTF-8"?>
<!-- Generated by org.testng.reporters.JUnitReportReporter -->
<testsuite hostname="DESKTOP-63VPLUC" failures="0" tests="2" name="testNGpractice.TestNGtest" time="28.179" errors="0" timestamp="2024-02-28T15:10:12 IST" skipped="0">
  <testcase classname="testNGpractice.TestNGtest" name="ts_05" time="11.818"/>
  <testcase classname="testNGpractice.TestNGtest" name="ts_06" time="16.361"/>
</testsuite> <!-- testNGpractice.TestNGtest -->
