<?xml version="1.0" encoding="UTF-8"?>
<!-- Generated by org.testng.reporters.JUnitReportReporter -->
<testsuite hostname="DESKTOP-63VPLUC" failures="0" tests="1" name="testNGpractice.Testng2" time="12.379" errors="0" timestamp="2024-02-28T15:24:57 IST" skipped="0">
  <testcase classname="testNGpractice.Testng2" name="testscript3" time="12.379"/>
</testsuite> <!-- testNGpractice.Testng2 -->
