<?xml version="1.0" encoding="UTF-8"?>
<!-- Generated by org.testng.reporters.JUnitReportReporter -->
<testsuite hostname="DESKTOP-63VPLUC" failures="0" tests="2" name="testNGpractice.Testng1" time="24.637" errors="0" timestamp="2024-02-28T15:24:57 IST" skipped="0">
  <testcase classname="testNGpractice.Testng1" name="testscript1" time="13.112"/>
  <testcase classname="testNGpractice.Testng1" name="testscript2" time="11.525"/>
</testsuite> <!-- testNGpractice.Testng1 -->
