<?xml version="1.0" encoding="UTF-8"?>
<!-- Generated by org.testng.reporters.JUnitReportReporter -->
<testsuite hostname="DESKTOP-63VPLUC" failures="0" tests="3" name="testNGpractice.Getdata" time="0.024" errors="0" timestamp="2024-02-26T16:12:22 IST" skipped="0">
  <testcase classname="testNGpractice.Getdata" name="getdata" time="0.012"/>
  <testcase classname="testNGpractice.Getdata" name="getdata" time="0.007"/>
  <testcase classname="testNGpractice.Getdata" name="getdata" time="0.005"/>
</testsuite> <!-- testNGpractice.Getdata -->
