<?xml version="1.0" encoding="UTF-8"?>
<!-- Generated by org.testng.reporters.JUnitReportReporter -->
<testsuite hostname="DESKTOP-63VPLUC" failures="0" tests="2" name="testNGpractice.Sampletest" time="26.678" errors="0" timestamp="2024-02-28T15:10:12 IST" skipped="0">
  <testcase classname="testNGpractice.Sampletest" name="ts_01" time="15.212"/>
  <testcase classname="testNGpractice.Sampletest" name="ts_02" time="11.466"/>
</testsuite> <!-- testNGpractice.Sampletest -->
