<?xml version="1.0" encoding="UTF-8"?>
<!-- Generated by org.testng.reporters.JUnitReportReporter -->
<testsuite hostname="DESKTOP-63VPLUC" failures="0" tests="2" name="testNGpractice.Testngclass" time="0.023" errors="0" timestamp="2024-02-26T12:18:55 IST" skipped="0">
  <testcase classname="testNGpractice.Testngclass" name="deletetest" time="0.007"/>
  <system-out/>
  <testcase classname="testNGpractice.Testngclass" name="createtest" time="0.016"/>
  <system-out/>
</testsuite> <!-- testNGpractice.Testngclass -->
