<?xml version="1.0" encoding="UTF-8"?>
<!-- Generated by org.testng.reporters.JUnitReportReporter -->
<testsuite hostname="DESKTOP-63VPLUC" failures="0" tests="1" name="testNGpractice.Adminlogin" time="4.328" errors="0" timestamp="2024-02-26T17:29:00 IST" skipped="0">
  <testcase classname="testNGpractice.Adminlogin" name="loginasadmin" time="4.328"/>
</testsuite> <!-- testNGpractice.Adminlogin -->
